<?xml version="1.0" encoding="UTF-8"?>
<testng-results ignored="0" total="1" passed="1" failed="0" skipped="0">
  <reporter-output>
  </reporter-output>
  <suite started-at="2020-02-03T09:59:52Z" name="Suite" finished-at="2020-02-03T10:00:08Z" duration-ms="16249">
    <groups>
    </groups>
    <test started-at="2020-02-03T09:59:52Z" name="ABC Test" finished-at="2020-02-03T10:00:08Z" duration-ms="16249">
      <class name="com.unimoni.test.Test">
        <test-method is-config="true" signature="readXml(java.lang.String, java.lang.String)[pri:0, instance:com.unimoni.test.Test@7d8704ef]" started-at="2020-02-03T09:59:52Z" name="readXml" finished-at="2020-02-03T09:59:52Z" duration-ms="33" status="PASS">
          <params>
            <param index="0">
              <value>
                <![CDATA[chrome]]>
              </value>
            </param>
            <param index="1">
              <value>
                <![CDATA[https://www.uaeexchange.com/]]>
              </value>
            </param>
          </params>
          <reporter-output>
          </reporter-output>
        </test-method> <!-- readXml -->
        <test-method is-config="true" signature="intialiseDriver()[pri:0, instance:com.unimoni.test.Test@7d8704ef]" started-at="2020-02-03T09:59:52Z" name="intialiseDriver" finished-at="2020-02-03T10:00:08Z" duration-ms="16103" status="PASS">
          <reporter-output>
          </reporter-output>
        </test-method> <!-- intialiseDriver -->
        <test-method signature="name()[pri:0, instance:com.unimoni.test.Test@7d8704ef]" started-at="2020-02-03T10:00:08Z" name="name" finished-at="2020-02-03T10:00:08Z" duration-ms="80" status="PASS">
          <reporter-output>
          </reporter-output>
        </test-method> <!-- name -->
      </class> <!-- com.unimoni.test.Test -->
    </test> <!-- ABC Test -->
  </suite> <!-- Suite -->
</testng-results>
