<?xml version="1.0" encoding="UTF-8"?>
<!-- Generated by org.testng.reporters.JUnitXMLReporter -->
<testsuite ignored="0" hostname="HMECL002132" failures="1" tests="2" name="ABC Test" time="0.618" errors="0" timestamp="10 Feb 2020 14:57:51 GMT">
  <testcase classname="com.unimoni.setup.BaseTest" name="@BeforeTest intialiseDriver" time="0.571">
    <failure type="java.lang.NoSuchMethodError" message="org.apache.commons.io.IOUtils.toString(Ljava/io/InputStream;Ljava/nio/charset/Charset;)Ljava/lang/String;">
      <![CDATA[java.lang.NoSuchMethodError: org.apache.commons.io.IOUtils.toString(Ljava/io/InputStream;Ljava/nio/charset/Charset;)Ljava/lang/String;
at io.github.bonigarcia.wdm.Shell.runAndWaitNoLog(Shell.java:66)
at io.github.bonigarcia.wdm.Shell.runAndWaitArray(Shell.java:56)
at io.github.bonigarcia.wdm.Shell.runAndWait(Shell.java:50)
at io.github.bonigarcia.wdm.WebDriverManager.getBrowserVersionInWindows(WebDriverManager.java:1248)
at io.github.bonigarcia.wdm.WebDriverManager.getDefaultBrowserVersion(WebDriverManager.java:1210)
at io.github.bonigarcia.wdm.ChromeDriverManager.getBrowserVersion(ChromeDriverManager.java:103)
at io.github.bonigarcia.wdm.WebDriverManager.detectDriverVersionFromBrowser(WebDriverManager.java:596)
at io.github.bonigarcia.wdm.WebDriverManager.manage(WebDriverManager.java:510)
at io.github.bonigarcia.wdm.WebDriverManager.setup(WebDriverManager.java:260)
at com.unimoni.setup.BaseTest.intialiseDriver(BaseTest.java:39)
... Removed 24 stack frames]]>
    </failure>
  </testcase> <!-- @BeforeTest intialiseDriver -->
  <testcase classname="com.unimoni.test.Test" name="name" time="0.0">
    <skipped/>
  </testcase> <!-- name -->
  <testcase classname="com.unimoni.test.Test" name="name" time="0.015">
    <failure type="java.lang.NullPointerException">
      <![CDATA[java.lang.NullPointerException
at com.unimoni.Reporting.ExtentListener.onTestSkipped(ExtentListener.java:78)
... Removed 23 stack frames]]>
    </failure>
  </testcase> <!-- name -->
</testsuite> <!-- ABC Test -->
